Build started 07.12.2015 14:49:46.
     1>Project "D:\Documents\Visual Studio 2015\Projects\ctw-gxt\txt2gxt\txt2gxt.vcxproj" on node 2 (Build target(s)).
     1>C:\Program Files (x86)\MSBuild\Microsoft.Cpp\v4.0\V140\Microsoft.CppBuild.targets(368,5): warning MSB8004: Output Directory does not end with a trailing slash.  This build instance will add the slash as it is required to allow proper evaluation of the Output Directory.
     1>ClCompile:
         C:\Program Files (x86)\Microsoft Visual Studio 14.0\VC\bin\CL.exe /c /Zi /nologo /W3 /WX- /sdl /O2 /Oi /Oy- /GL /D _CRT_SECURE_NO_WARNINGS /D _UNICODE /D UNICODE /D _UNICODE /D UNICODE /Gm- /EHsc /MD /GS /Gy /fp:precise /Zc:wchar_t /Zc:forScope /Zc:inline /Fo"Release\\" /Fd"Release\vc140.pdb" /Gd /TP /analyze- /errorReport:prompt txt2gxt.cpp
         txt2gxt.cpp
     1>d:\documents\visual studio 2015\projects\ctw-gxt\txt2gxt\..\shared\gxt.h(455): warning C4267: 'argument': conversion from 'size_t' to 'unsigned short', possible loss of data
     1>d:\documents\visual studio 2015\projects\ctw-gxt\txt2gxt\..\shared\gxt.h(458): warning C4267: 'argument': conversion from 'size_t' to 'unsigned short', possible loss of data
     1>d:\documents\visual studio 2015\projects\ctw-gxt\txt2gxt\..\shared\gxt.h(460): warning C4267: 'argument': conversion from 'size_t' to 'unsigned short', possible loss of data
       Link:
         C:\Program Files (x86)\Microsoft Visual Studio 14.0\VC\bin\link.exe /ERRORREPORT:PROMPT /OUT:"D:\Documents\Visual Studio 2015\Projects\ctw-gxt\Release\txt2gxt\txt2gxt.exe" /NOLOGO kernel32.lib user32.lib gdi32.lib winspool.lib comdlg32.lib advapi32.lib shell32.lib ole32.lib oleaut32.lib uuid.lib odbc32.lib odbccp32.lib /MANIFEST /MANIFESTUAC:"level='asInvoker' uiAccess='false'" /manifest:embed /Debug /PDB:"D:\Documents\Visual Studio 2015\Projects\ctw-gxt\Release\txt2gxt\txt2gxt.pdb" /OPT:REF /OPT:ICF /LTCG:incremental /TLBID:1 /DYNAMICBASE /NXCOMPAT /IMPLIB:"D:\Documents\Visual Studio 2015\Projects\ctw-gxt\Release\txt2gxt\txt2gxt.lib" /MACHINE:X86 /SAFESEH Release\txt2gxt.obj
         Generating code
         4 of 376 functions ( 1.1%) were compiled, the rest were copied from previous compilation.
           0 functions were new in current compilation
           4 functions had inline decision re-evaluated but remain unchanged
         Finished generating code
         txt2gxt.vcxproj -> D:\Documents\Visual Studio 2015\Projects\ctw-gxt\Release\txt2gxt\txt2gxt.exe
     1>Done Building Project "D:\Documents\Visual Studio 2015\Projects\ctw-gxt\txt2gxt\txt2gxt.vcxproj" (Build target(s)).

Build succeeded.

Time Elapsed 00:00:02.31
